Tue Aug 26 02:33:49 PM EDT 2025: Killing existing conky processes
Tue Aug 26 02:33:49 PM EDT 2025: Waiting for desktop environment to start...
Tue Aug 26 02:34:09 PM EDT 2025: Detected hostname: ROME-L
Tue Aug 26 02:34:09 PM EDT 2025: Using laptop configuration: titus_modified.conkyrc
Tue Aug 26 02:34:09 PM EDT 2025: Conky startup completed
Tue Aug 26 02:46:57 PM EDT 2025: Killing existing conky processes
Tue Aug 26 02:46:57 PM EDT 2025: Waiting for desktop environment to start...
Tue Aug 26 02:47:17 PM EDT 2025: Detected hostname: ROME-L
Tue Aug 26 02:47:17 PM EDT 2025: Using laptop configuration: titus_modified.conkyrc
Tue Aug 26 02:47:17 PM EDT 2025: Conky startup completed
Tue Aug 26 02:48:34 PM EDT 2025: Killing existing conky processes
Tue Aug 26 02:48:34 PM EDT 2025: Waiting for desktop environment to start...
Tue Aug 26 02:48:54 PM EDT 2025: Detected hostname: ROME-L
Tue Aug 26 02:48:54 PM EDT 2025: Using laptop configuration: titus_modified.conkyrc
Tue Aug 26 02:48:54 PM EDT 2025: Conky startup completed
Tue Aug 26 02:50:16 PM EDT 2025: Killing existing conky processes
Tue Aug 26 02:50:16 PM EDT 2025: Waiting for desktop environment to start...
Tue Aug 26 02:50:35 PM EDT 2025: Detected hostname: ROME-L
Tue Aug 26 02:50:35 PM EDT 2025: Using laptop configuration: titus_modified.conkyrc
Tue Aug 26 02:50:35 PM EDT 2025: Conky startup completed
Tue Aug 26 02:57:05 PM EDT 2025: Killing existing conky processes
Tue Aug 26 02:57:05 PM EDT 2025: Waiting for desktop environment to start...
Tue Aug 26 02:57:25 PM EDT 2025: Detected hostname: ROME-L
Tue Aug 26 02:57:25 PM EDT 2025: Using laptop configuration: titus_modified.conkyrc
Tue Aug 26 02:57:25 PM EDT 2025: Conky startup completed
Tue Aug 26 03:25:58 PM EDT 2025: Killing existing conky processes
Tue Aug 26 03:25:58 PM EDT 2025: Waiting for desktop environment to start...
Tue Aug 26 03:26:18 PM EDT 2025: Detected hostname: ROME-L
Tue Aug 26 03:26:18 PM EDT 2025: Using laptop configuration: titus_modified.conkyrc
Tue Aug 26 03:26:18 PM EDT 2025: Conky startup completed
Tue Aug 26 03:30:41 PM EDT 2025: Killing existing conky processes
Tue Aug 26 03:30:41 PM EDT 2025: Waiting for desktop environment to start...
Sun Aug 31 09:26:17 AM EDT 2025: Killing existing conky processes
Sun Aug 31 09:26:17 AM EDT 2025: Waiting for desktop environment to start...
Sun Aug 31 09:26:42 AM EDT 2025: Detected hostname: ROME-L
Sun Aug 31 09:26:42 AM EDT 2025: Using laptop configuration: titus_modified.conkyrc
Sun Aug 31 09:26:42 AM EDT 2025: Conky startup completed
Sat Sep  6 11:26:21 AM EDT 2025: Killing existing conky processes
Sat Sep  6 11:26:21 AM EDT 2025: Waiting for desktop environment to start...
Sat Sep  6 11:26:41 AM EDT 2025: Detected hostname: ROME-L
Sat Sep  6 11:26:41 AM EDT 2025: Using laptop configuration: titus_modified.conkyrc
Sat Sep  6 11:26:41 AM EDT 2025: Conky startup completed
Mon Sep 15 04:21:01 PM EDT 2025: Killing existing conky processes
Mon Sep 15 04:21:01 PM EDT 2025: Waiting for desktop environment to start...
Mon Sep 15 04:21:31 PM EDT 2025: Detected hostname: ROME-L
Mon Sep 15 04:21:31 PM EDT 2025: Using laptop configuration: titus_modified.conkyrc
Mon Sep 15 04:21:31 PM EDT 2025: Conky startup completed
Tue Sep 16 01:26:21 PM EDT 2025: Killing existing conky processes
Tue Sep 16 01:26:21 PM EDT 2025: Waiting for desktop environment to start...
Tue Sep 16 01:26:41 PM EDT 2025: Detected hostname: ROME-L
Tue Sep 16 01:26:41 PM EDT 2025: Using laptop configuration: titus_modified.conkyrc
Tue Sep 16 01:26:41 PM EDT 2025: Conky startup completed
Tue Oct  7 01:13:38 PM EDT 2025: Killing existing conky processes
Tue Oct  7 01:13:38 PM EDT 2025: Waiting for desktop environment to start...
Tue Oct  7 01:13:58 PM EDT 2025: Detected hostname: ROME-L
Tue Oct  7 01:13:58 PM EDT 2025: Using laptop configuration: titus_modified.conkyrc
Tue Oct  7 01:13:58 PM EDT 2025: Conky startup completed
Thu Jan  1 06:43:51 AM EST 2026: Killing existing conky processes
Thu Jan  1 06:43:51 AM EST 2026: Waiting for desktop environment to start...
Thu Jan  1 06:44:11 AM EST 2026: Detected hostname: ROME-L
Thu Jan  1 06:44:11 AM EST 2026: Using laptop configuration: titus_modified.conkyrc
Thu Jan  1 06:44:11 AM EST 2026: Conky startup completed
Thu Jan  1 12:24:49 PM EST 2026: Killing existing conky processes
Thu Jan  1 12:24:49 PM EST 2026: Waiting for desktop environment to start...
Thu Jan  1 12:25:09 PM EST 2026: Detected hostname: ROME-L
Thu Jan  1 12:25:09 PM EST 2026: Using laptop configuration: titus_modified.conkyrc
Thu Jan  1 12:25:09 PM EST 2026: Conky startup completed
